<?xml version="1.0" encoding="UTF-8"?>
<testsuite xmlns:xsi="http://www.w3.org/2001/XMLSchema-instance" xsi:schemaLocation="https://maven.apache.org/surefire/maven-surefire-plugin/xsd/surefire-test-report.xsd" name="runner.TestRunners" time="18.945" tests="21" errors="0" skipped="0" failures="0">
  <properties>
[...]
</properties>
  <testcase name="Given Open firefox browser" classname="| selintestselin@gmail.com | test0test |" time="0.002"/>
  <testcase name="When I enter valid &quot;selintestselin@gmail.com&quot;" classname="| selintestselin@gmail.com | test0test |" time="0"/>
  <testcase name="And enter valid &quot;test0test&quot;" classname="| selintestselin@gmail.com | test0test |" time="0"/>
  <testcase name="And click login button" classname="| selintestselin@gmail.com | test0test |" time="0"/>
  <testcase name="Then I should be able to login successfully" classname="| selintestselin@gmail.com | test0test |" time="0"/>
  <testcase name="Then Application should be closed" classname="| selintestselin@gmail.com | test0test |" time="0"/>
  <testcase name="| selintestselin@gmail.com | test0test |" classname="| selintestselin@gmail.com | test0test |" time="0"/>
  <testcase name="Given Open firefox browser" classname="| selintestselin@gmail.com | test0test1 |" time="0"/>
  <testcase name="When I enter valid &quot;selintestselin@gmail.com&quot;" classname="| selintestselin@gmail.com | test0test1 |" time="0"/>
  <testcase name="And enter valid &quot;test0test1&quot;" classname="| selintestselin@gmail.com | test0test1 |" time="0"/>
  <testcase name="And click login button" classname="| selintestselin@gmail.com | test0test1 |" time="0"/>
  <testcase name="Then I should be able to login successfully" classname="| selintestselin@gmail.com | test0test1 |" time="0"/>
  <testcase name="Then Application should be closed" classname="| selintestselin@gmail.com | test0test1 |" time="0"/>
  <testcase name="| selintestselin@gmail.com | test0test1 |" classname="| selintestselin@gmail.com | test0test1 |" time="0.001"/>
  <testcase name="Given Open firefox browser" classname="| test@gmail.com | test |" time="0"/>
  <testcase name="When I enter valid &quot;test@gmail.com&quot;" classname="| test@gmail.com | test |" time="0"/>
  <testcase name="And enter valid &quot;test&quot;" classname="| test@gmail.com | test |" time="0"/>
  <testcase name="And click login button" classname="| test@gmail.com | test |" time="0"/>
  <testcase name="Then I should be able to login successfully" classname="| test@gmail.com | test |" time="0"/>
  <testcase name="Then Application should be closed" classname="| test@gmail.com | test |" time="0.001"/>
  <testcase name="| test@gmail.com | test |" classname="| test@gmail.com | test |" time="0.001"/>
</testsuite>